Removed Pin From Net: NetName=c1 Pin=CN7-1
Removed Pin From Net: NetName=c2 Pin=CN7-2
Removed Pin From Net: NetName=c3 Pin=CN7-3
Removed Pin From Net: NetName=c4 Pin=CN7-4
Removed Pin From Net: NetName=c5 Pin=CN7-5
Removed Pin From Net: NetName=c6 Pin=CN7-6
Removed Pin From Net: NetName=c7 Pin=CN7-7
Removed Pin From Net: NetName=c8 Pin=CN7-8
Removed Pin From Net: NetName=c9 Pin=CN8-1
Removed Pin From Net: NetName=c10 Pin=CN8-2
Removed Pin From Net: NetName=c11 Pin=CN8-3
Removed Pin From Net: NetName=c12 Pin=CN8-4
Removed Pin From Net: NetName=c13 Pin=CN8-5
Removed Pin From Net: NetName=c14 Pin=CN8-6
Removed Pin From Net: NetName=c15 Pin=CN8-7
Removed Pin From Net: NetName=c16 Pin=CN8-8
Removed Member From Class: ClassName=Sheet1 Member=CN7
Removed Member From Class: ClassName=Sheet1 Member=CN8
Added Pin To Net: NetName=c1 Pin=CN5-1
Added Pin To Net: NetName=c2 Pin=CN5-2
Added Pin To Net: NetName=c3 Pin=CN5-3
Added Pin To Net: NetName=c4 Pin=CN5-4
Added Pin To Net: NetName=c5 Pin=CN5-5
Added Pin To Net: NetName=c6 Pin=CN5-6
Added Pin To Net: NetName=c7 Pin=CN5-7
Added Pin To Net: NetName=c8 Pin=CN5-8
Added Pin To Net: NetName=c9 Pin=CN6-1
Added Pin To Net: NetName=c10 Pin=CN6-2
Added Pin To Net: NetName=c11 Pin=CN6-3
Added Pin To Net: NetName=c12 Pin=CN6-4
Added Pin To Net: NetName=c13 Pin=CN6-5
Added Pin To Net: NetName=c14 Pin=CN6-6
Added Pin To Net: NetName=c15 Pin=CN6-7
Added Pin To Net: NetName=c16 Pin=CN6-8
Added Pin To Net: NetName=c7 Pin=MT3-3
Added Pin To Net: NetName=c6 Pin=MT3-4
Added Pin To Net: NetName=c4 Pin=MT3-6
Added Pin To Net: NetName=c5 Pin=MT3-10
Added Pin To Net: NetName=c3 Pin=MT3-11
Added Pin To Net: NetName=c8 Pin=MT3-13
Added Pin To Net: NetName=c2 Pin=MT3-15
Added Pin To Net: NetName=c1 Pin=MT3-16
Added Pin To Net: NetName=c15 Pin=MT4-3
Added Pin To Net: NetName=c14 Pin=MT4-4
Added Pin To Net: NetName=c12 Pin=MT4-6
Added Pin To Net: NetName=c13 Pin=MT4-10
Added Pin To Net: NetName=c11 Pin=MT4-11
Added Pin To Net: NetName=c16 Pin=MT4-13
Added Pin To Net: NetName=c10 Pin=MT4-15
Added Pin To Net: NetName=c9 Pin=MT4-16
Added Room: Name=Sheet1
